<?xml version="1.0" encoding="UTF-8"?>
<!-- Generated by org.testng.reporters.JUnitReportReporter -->
<testsuite skipped="0" hostname="ip-172-31-72-37" name="tdd.PrimeNumTest" tests="2" failures="0" timestamp="2021-07-10T06:36:23 UTC" time="0.010" errors="0">
  <testcase name="NegativeTest" time="0.009" classname="tdd.PrimeNumTest"/>
  <system-out/>
  <testcase name="PositiveTest" time="0.001" classname="tdd.PrimeNumTest"/>
  <system-out/>
</testsuite> <!-- tdd.PrimeNumTest -->
