<?xml version="1.0" encoding="UTF-8"?>
<!-- Generated by org.testng.reporters.JUnitReportReporter -->
<testsuite skipped="0" hostname="ip-172-31-72-37" name="test.ParallelExecution" tests="2" failures="0" timestamp="2021-07-04T07:04:39 UTC" time="3.849" errors="0">
  <testcase name="Testcase2" time="1.654" classname="test.ParallelExecution"/>
  <system-out/>
  <testcase name="Testcase1" time="2.195" classname="test.ParallelExecution"/>
  <system-out/>
</testsuite> <!-- test.ParallelExecution -->
